<?xml version="1.0" encoding="UTF-8"?>
<testng-results skipped="1" failed="0" total="3" passed="2">
  <reporter-output>
  </reporter-output>
  <suite name="Default suite" duration-ms="10321" started-at="2020-07-10T03:19:26Z" finished-at="2020-07-10T03:19:36Z">
    <groups>
    </groups>
    <test name="Default test" duration-ms="10321" started-at="2020-07-10T03:19:26Z" finished-at="2020-07-10T03:19:36Z">
      <class name="com.aciTime.qa.testcases.LoginPageTest">
        <test-method status="PASS" signature="setup()[pri:0, instance:com.aciTime.qa.testcases.LoginPageTest@129a8472]" name="setup" is-config="true" duration-ms="5259" started-at="2020-07-09T23:19:26Z" finished-at="2020-07-09T23:19:31Z">
          <reporter-output>
          </reporter-output>
        </test-method> <!-- setup -->
        <test-method status="PASS" signature="loginPageTitle()[pri:1, instance:com.aciTime.qa.testcases.LoginPageTest@129a8472]" name="loginPageTitle" duration-ms="12" started-at="2020-07-09T23:19:31Z" finished-at="2020-07-09T23:19:31Z">
          <reporter-output>
          </reporter-output>
        </test-method> <!-- loginPageTitle -->
        <test-method status="PASS" signature="tearDown()[pri:0, instance:com.aciTime.qa.testcases.LoginPageTest@129a8472]" name="tearDown" is-config="true" duration-ms="107" started-at="2020-07-09T23:19:31Z" finished-at="2020-07-09T23:19:31Z">
          <reporter-output>
          </reporter-output>
        </test-method> <!-- tearDown -->
        <test-method status="PASS" signature="setup()[pri:0, instance:com.aciTime.qa.testcases.LoginPageTest@129a8472]" name="setup" is-config="true" duration-ms="4292" started-at="2020-07-09T23:19:31Z" finished-at="2020-07-09T23:19:35Z">
          <reporter-output>
          </reporter-output>
        </test-method> <!-- setup -->
        <test-method status="PASS" signature="validateaciImageTest()[pri:2, instance:com.aciTime.qa.testcases.LoginPageTest@129a8472]" name="validateaciImageTest" duration-ms="53" started-at="2020-07-09T23:19:35Z" finished-at="2020-07-09T23:19:35Z">
          <reporter-output>
          </reporter-output>
        </test-method> <!-- validateaciImageTest -->
        <test-method status="PASS" signature="tearDown()[pri:0, instance:com.aciTime.qa.testcases.LoginPageTest@129a8472]" name="tearDown" is-config="true" duration-ms="92" started-at="2020-07-09T23:19:35Z" finished-at="2020-07-09T23:19:35Z">
          <reporter-output>
          </reporter-output>
        </test-method> <!-- tearDown -->
        <test-method status="SKIP" signature="loginTest(java.lang.String, java.lang.String)[pri:3, instance:com.aciTime.qa.testcases.LoginPageTest@129a8472]" name="loginTest" duration-ms="0" started-at="2020-07-09T23:19:36Z" data-provider="getloginTestData" finished-at="2020-07-09T23:19:36Z">
          <exception class="java.lang.RuntimeException">
            <message>
              <![CDATA[java.lang.NullPointerException]]>
            </message>
            <full-stacktrace>
              <![CDATA[java.lang.RuntimeException: java.lang.NullPointerException
	at org.testng.internal.MethodInvocationHelper.invokeDataProvider(MethodInvocationHelper.java:163)
	at org.testng.internal.Parameters.handleParameters(Parameters.java:430)
	at org.testng.internal.Invoker.handleParameters(Invoker.java:1276)
	at org.testng.internal.Invoker.createParameters(Invoker.java:991)
	at org.testng.internal.Invoker.invokeTestMethods(Invoker.java:1081)
	at org.testng.internal.TestMethodWorker.invokeTestMethods(TestMethodWorker.java:129)
	at org.testng.internal.TestMethodWorker.run(TestMethodWorker.java:112)
	at org.testng.TestRunner.privateRun(TestRunner.java:782)
	at org.testng.TestRunner.run(TestRunner.java:632)
	at org.testng.SuiteRunner.runTest(SuiteRunner.java:366)
	at org.testng.SuiteRunner.runSequentially(SuiteRunner.java:361)
	at org.testng.SuiteRunner.privateRun(SuiteRunner.java:319)
	at org.testng.SuiteRunner.run(SuiteRunner.java:268)
	at org.testng.SuiteRunnerWorker.runSuite(SuiteRunnerWorker.java:52)
	at org.testng.SuiteRunnerWorker.run(SuiteRunnerWorker.java:86)
	at org.testng.TestNG.runSuitesSequentially(TestNG.java:1244)
	at org.testng.TestNG.runSuitesLocally(TestNG.java:1169)
	at org.testng.TestNG.run(TestNG.java:1064)
	at org.testng.remote.RemoteTestNG.run(RemoteTestNG.java:113)
	at org.testng.remote.RemoteTestNG.initAndRun(RemoteTestNG.java:206)
	at org.testng.remote.RemoteTestNG.main(RemoteTestNG.java:177)
Caused by: java.lang.NullPointerException
	at com.aciTime.qa.utils.TestUtil.getTestData(TestUtil.java:38)
	at com.aciTime.qa.testcases.LoginPageTest.getloginTestData(LoginPageTest.java:48)
	at sun.reflect.NativeMethodAccessorImpl.invoke0(Native Method)
	at sun.reflect.NativeMethodAccessorImpl.invoke(NativeMethodAccessorImpl.java:62)
	at sun.reflect.DelegatingMethodAccessorImpl.invoke(DelegatingMethodAccessorImpl.java:43)
	at java.lang.reflect.Method.invoke(Method.java:498)
	at org.testng.internal.MethodInvocationHelper.invokeMethod(MethodInvocationHelper.java:86)
	at org.testng.internal.MethodInvocationHelper.invokeDataProvider(MethodInvocationHelper.java:137)
	... 20 more
]]>
            </full-stacktrace>
          </exception> <!-- java.lang.RuntimeException -->
          <reporter-output>
          </reporter-output>
        </test-method> <!-- loginTest -->
      </class> <!-- com.aciTime.qa.testcases.LoginPageTest -->
    </test> <!-- Default test -->
  </suite> <!-- Default suite -->
</testng-results>
