<?xml version="1.0" encoding="UTF-8"?>
<!-- Generated by org.testng.reporters.JUnitXMLReporter -->
<testsuite hostname="Macbooks-MBP.lan" name="Default test" tests="3" failures="0" timestamp="10 Jul 2020 03:19:36 GMT" time="10.321" errors="0">
  <testcase name="loginPageTitle" time="0.012" classname="com.aciTime.qa.testcases.LoginPageTest"/>
  <testcase name="validateaciImageTest" time="0.053" classname="com.aciTime.qa.testcases.LoginPageTest"/>
  <testcase name="loginTest" time="0.0" classname="com.aciTime.qa.testcases.LoginPageTest">
    <skipped/>
  </testcase> <!-- loginTest -->
</testsuite> <!-- Default test -->
